------------------------------------------
M.U.G.E.N ver 1.00 (2011.01.18) status log
------------------------------------------
Parsing command line...
Command line: C:\Users\Efinium\Downloads\Dragon Ball Z Vs Saint Seiya\Dragon Ball Z Vs Saint Seiya\Dbz vs Cdz.exe
Parse command line OK
Initializing...
Allocating game variables
Reading configuration file...OK
Initializing timer...performance timer enabled...frequency 3215354...OK
Initializing keyboard...configuring...OK
Initializing input engine...OK
Initializing sound...Using SDL audio driver: dsound
Requesting mixer parameters (44100, 16, 2, 2048)...
Opened mixer with parameters (44100, 16, 2, 2048)...
OK
Initializing BGM...BGMThreadInit returned 0
OK
Initializing graphics...gameCoord 640x480...render mode 2_4...trying 640x480x16 mode 0x0...success...OK
Setting callbacks...OK
Initializing font...OK
Initializing game variables...OK
Loading system fonts...OK
Loading options...
Initializing pads...failed
Reinitializing input engine...OK
Remapping keys...OK
Reinitializing input engine...OK
Options loaded OK
Loading system...
  Load system file system.def...OK
  Load system spr...OK
  Load system snd...OK
  Load system fonts...OK
  Load system anim...OK
  Load [Title Info]...OK
  Load [Option Info]...OK
  Load [Select Info]...OK
  Load [VS Screen]...OK
  Load [Victory Screen]...OK
  Load [Demo Mode]...OK
  Load [Continue Screen]...OK
  Load [Game Over Screen]...OK
  Load [Win Screen]...OK
  Load [Survival Results Screen]...OK
  Load [Default Ending]...OK
  Load [End Credits]...OK
  Load TitleBG...VersusBG...VictoryBG...SelectBG...OptionBG...OK
  Loading fight data
    Opening fight data file data/fight.def...OK
    Reading [Files]...OK
    Loading fonts...OK
    Load fight anim...OK
    Reading [Lifebar]...[Turns Lifebar]...[Simul Lifebar]...[Powerbar]...
    [Face]...[Simul Face]...[Turns Face]...
    [Name]...[Simul Name]...[Turns Name]...
    [Time]...[Combo]...[Round]...[WinIcon]...OK
    Allocating explods...OK
  Fight data loaded OK
System loaded OK
Initialize OK
Set up graphics...timer...OK
Initializing character info...OK
Initializing select screen...finding characters...
  Error reading character file: chars/BLANK <NO CHARACTER>/BLANK <NO CHARACTER>.def

  Error reading character file: chars/BLANK <NO CHARACTER>/BLANK <NO CHARACTER>.def

  Error reading character file: chars/BLANK <NO CHARACTER>/BLANK <NO CHARACTER>.def

  Error reading character file: chars/BLANK <NO CHARACTER>/BLANK <NO CHARACTER>.def

  Error reading character file: chars/BLANK <NO CHARACTER>/BLANK <NO CHARACTER>.def

  Error reading character file: chars/BLANK <NO CHARACTER>/BLANK <NO CHARACTER>.def

  Error reading character file: chars/BLANK <NO CHARACTER>/BLANK <NO CHARACTER>.def

  Error reading character file: chars/BLANK <NO CHARACTER>/BLANK <NO CHARACTER>.def

  Error reading character file: chars/BLANK <NO CHARACTER>/BLANK <NO CHARACTER>.def

  Error reading character file: chars/BLANK <NO CHARACTER>/BLANK <NO CHARACTER>.def

  Error reading character file: chars/BLANK <NO CHARACTER>/BLANK <NO CHARACTER>.def

  Error reading character file: chars/BLANK <NO CHARACTER>/BLANK <NO CHARACTER>.def

  Error reading character file: chars/BLANK <NO CHARACTER>/BLANK <NO CHARACTER>.def

  Error reading character file: chars/BLANK <NO CHARACTER>/BLANK <NO CHARACTER>.def

  Error reading character file: chars/BLANK <NO CHARACTER>/BLANK <NO CHARACTER>.def

  Error reading character file: chars/BLANK <NO CHARACTER>/BLANK <NO CHARACTER>.def

  Error reading character file: chars/BLANK <NO CHARACTER>/BLANK <NO CHARACTER>.def

  Error reading character file: chars/BLANK <NO CHARACTER>/BLANK <NO CHARACTER>.def

  Error reading character file: chars/BLANK <NO CHARACTER>/BLANK <NO CHARACTER>.def

  Error reading character file: chars/BLANK <NO CHARACTER>/BLANK <NO CHARACTER>.def

  Error reading character file: chars/BLANK <NO CHARACTER>/BLANK <NO CHARACTER>.def

  Error reading character file: chars/BLANK <NO CHARACTER>/BLANK <NO CHARACTER>.def

  Error reading character file: chars/BLANK <NO CHARACTER>/BLANK <NO CHARACTER>.def

  Error reading character file: chars/BLANK <NO CHARACTER>/BLANK <NO CHARACTER>.def

  Error reading character file: chars/BLANK <NO CHARACTER>/BLANK <NO CHARACTER>.def

  Error reading character file: chars/BLANK <NO CHARACTER>/BLANK <NO CHARACTER>.def

  Error reading character file: chars/BLANK <NO CHARACTER>/BLANK <NO CHARACTER>.def

  Error reading character file: chars/BLANK <NO CHARACTER>/BLANK <NO CHARACTER>.def

  Error reading character file: chars/BLANK <NO CHARACTER>/BLANK <NO CHARACTER>.def

  Error reading character file: chars/BLANK <NO CHARACTER>/BLANK <NO CHARACTER>.def

  Error reading character file: chars/BLANK <NO CHARACTER>/BLANK <NO CHARACTER>.def

  Error reading character file: chars/BLANK <NO CHARACTER>/BLANK <NO CHARACTER>.def

  Error reading character file: chars/BLANK <NO CHARACTER>/BLANK <NO CHARACTER>.def

  Error reading character file: chars/BLANK <NO CHARACTER>/BLANK <NO CHARACTER>.def

  Error reading character file: chars/BLANK <NO CHARACTER>/BLANK <NO CHARACTER>.def

  Error reading character file: chars/BLANK <NO CHARACTER>/BLANK <NO CHARACTER>.def

  Error reading character file: chars/BLANK <NO CHARACTER>/BLANK <NO CHARACTER>.def

  Error reading character file: chars/BLANK <NO CHARACTER>/BLANK <NO CHARACTER>.def

  Error reading character file: chars/BLANK <NO CHARACTER>/BLANK <NO CHARACTER>.def

  Error reading character file: chars/BLANK <NO CHARACTER>/BLANK <NO CHARACTER>.def

  Error reading character file: chars/BLANK <NO CHARACTER>/BLANK <NO CHARACTER>.def

  Error reading character file: chars/BLANK <NO CHARACTER>/BLANK <NO CHARACTER>.def

  Error reading character file: chars/BLANK <NO CHARACTER>/BLANK <NO CHARACTER>.def

  Error reading character file: chars/BLANK <NO CHARACTER>/BLANK <NO CHARACTER>.def

  Error reading character file: chars/BLANK <NO CHARACTER>/BLANK <NO CHARACTER>.def

  Error reading character file: chars/cell 2ºfaze/cell 2ºfaze.def

  Error reading character file: chars/BLANK <NO CHARACTER>/BLANK <NO CHARACTER>.def

  Error reading character file: chars/BLANK <NO CHARACTER>/BLANK <NO CHARACTER>.def

  Error reading character file: chars/BLANK <NO CHARACTER>/BLANK <NO CHARACTER>.def

  Error reading character file: chars/BLANK <NO CHARACTER>/BLANK <NO CHARACTER>.def

  Error reading character file: chars/BLANK <NO CHARACTER>/BLANK <NO CHARACTER>.def

  Error reading character file: chars/BLANK <NO CHARACTER>/BLANK <NO CHARACTER>.def

  Error reading character file: chars/BLANK <NO CHARACTER>/BLANK <NO CHARACTER>.def

  Error reading character file: chars/BLANK <NO CHARACTER>/BLANK <NO CHARACTER>.def

  Error reading character file: chars/BLANK <NO CHARACTER>/BLANK <NO CHARACTER>.def

  Error reading character file: chars/BLANK <NO CHARACTER>/BLANK <NO CHARACTER>.def

  Error reading character file: chars/BLANK <NO CHARACTER>/BLANK <NO CHARACTER>.def

  Error reading character file: chars/BLANK <NO CHARACTER>/BLANK <NO CHARACTER>.def

  Error reading character file: chars/BLANK <NO CHARACTER>/BLANK <NO CHARACTER>.def

  Error reading character file: chars/BLANK <NO CHARACTER>/BLANK <NO CHARACTER>.def

  Error reading character file: chars/BLANK <NO CHARACTER>/BLANK <NO CHARACTER>.def

  Error reading character file: chars/BLANK <NO CHARACTER>/BLANK <NO CHARACTER>.def

  Error reading character file: chars/BLANK <NO CHARACTER>/BLANK <NO CHARACTER>.def

  Error reading character file: chars/BLANK <NO CHARACTER>/BLANK <NO CHARACTER>.def

  Error reading character file: chars/BLANK <NO CHARACTER>/BLANK <NO CHARACTER>.def

  Error reading character file: chars/BLANK <NO CHARACTER>/BLANK <NO CHARACTER>.def

  Error reading character file: chars/BLANK <NO CHARACTER>/BLANK <NO CHARACTER>.def

  Error reading character file: chars/BLANK <NO CHARACTER>/BLANK <NO CHARACTER>.def

  Error reading character file: chars/BLANK <NO CHARACTER>/BLANK <NO CHARACTER>.def

  Error reading character file: chars/BLANK <NO CHARACTER>/BLANK <NO CHARACTER>.def

  Error reading character file: chars/BLANK <NO CHARACTER>/BLANK <NO CHARACTER>.def
OK

Entering main loop
Playing storyboard intro.def: scene
attempting load and start...attempting load of data/sound/intros.mp3...Couldn't open BGM file data/sound/intros.mp3!
error 1!
Storyboard playback canceled 400:0 kD p0
Finished playing storyboard intro.def: scene
Entering character select.
attempting load and start...attempting load of sound/final bout.mp3...hooking mixer callback...
success!
starting BGM...
attempting load and start...attempting load of sound/saint seiya.mp3...success!
starting BGM...
Entering character select.
attempting load and start...attempting load of sound/final bout.mp3...success!
starting BGM...
Returned from main loop
Deinitializing...
Frames      : 0
Time elapsed: 39.100 sec
ticks: 3910, tps: 100, start 79, end 3989

Clearing player cache...OK
Freeing character info...OK
Freeing select screen...OK
Freeing fight data...OK
Freeing system data...OK
Freeing game variables...OK
Deinitializing input...pad...keyboard...OK
Removing callbacks...OK
Deintializing timer...OK
Deinitializing graphics...OK
Deinitializing BGM...Cleaning up mixer callback...unhooking mixer callback...

Mixer callback was entered 154 times
Mixer callback timing stats (last 154 calls):
	7.000000 median, 8.194805 avg, 4.915628 sample std. dev.
Top 10 slowest times:	39 (1), 35 (1), 34 (2), 21 (1), 18 (1), 14 (1), 13 (1), 12 (2), 11 (2), 10 (7)
Top 10 fastest times:	3 (1), 5 (13), 6 (30), 7 (47), 8 (35), 9 (9), 10 (7), 11 (2), 12 (2), 13 (1)
OK
Deinitializing sound...OK
Successful program termination.

Log file successfully closed.
